[2021-04-21 20:41:43] [ ERROR] [HibernateUtil:30] HibernateUtil.buildSessionFactory(): Initial SessionFactory creation failed.
org.hibernate.boot.MappingNotFoundException: Mapping (RESOURCE) not found : FilesMapping/Empleado.hbm.xml : origin(FilesMapping/Empleado.hbm.xml)
	at org.hibernate.boot.spi.XmlMappingBinderAccess.bind(XmlMappingBinderAccess.java:56)
	at org.hibernate.boot.MetadataSources.addResource(MetadataSources.java:311)
	at org.hibernate.boot.cfgxml.spi.MappingReference.apply(MappingReference.java:70)
	at org.hibernate.boot.internal.MetadataBuilderImpl.build(MetadataBuilderImpl.java:474)
	at org.hibernate.boot.internal.MetadataBuilderImpl.build(MetadataBuilderImpl.java:85)
	at principal.HibernateUtil.buildSessionFactory(HibernateUtil.java:25)
	at principal.HibernateUtil.<clinit>(HibernateUtil.java:16)
	at principal.HibernateMain.main(HibernateMain.java:29)
[2021-04-21 20:43:55] [ ERROR] [HibernateUtil:30] HibernateUtil.buildSessionFactory(): Initial SessionFactory creation failed.
org.hibernate.boot.MappingNotFoundException: Mapping (RESOURCE) not found : FilesMapping/Empleado.hbm.xml : origin(FilesMapping/Empleado.hbm.xml)
	at org.hibernate.boot.spi.XmlMappingBinderAccess.bind(XmlMappingBinderAccess.java:56)
	at org.hibernate.boot.MetadataSources.addResource(MetadataSources.java:311)
	at org.hibernate.boot.cfgxml.spi.MappingReference.apply(MappingReference.java:70)
	at org.hibernate.boot.internal.MetadataBuilderImpl.build(MetadataBuilderImpl.java:474)
	at org.hibernate.boot.internal.MetadataBuilderImpl.build(MetadataBuilderImpl.java:85)
	at principal.HibernateUtil.buildSessionFactory(HibernateUtil.java:25)
	at principal.HibernateUtil.<clinit>(HibernateUtil.java:16)
	at principal.HibernateMain.main(HibernateMain.java:29)
[2021-04-21 20:46:02] [ ERROR] [HibernateUtil:30] HibernateUtil.buildSessionFactory(): Initial SessionFactory creation failed.
org.hibernate.boot.MappingNotFoundException: Mapping (RESOURCE) not found : FilesMapping/Empleado.hbm.xml : origin(FilesMapping/Empleado.hbm.xml)
	at org.hibernate.boot.spi.XmlMappingBinderAccess.bind(XmlMappingBinderAccess.java:56)
	at org.hibernate.boot.MetadataSources.addResource(MetadataSources.java:311)
	at org.hibernate.boot.cfgxml.spi.MappingReference.apply(MappingReference.java:70)
	at org.hibernate.boot.internal.MetadataBuilderImpl.build(MetadataBuilderImpl.java:474)
	at org.hibernate.boot.internal.MetadataBuilderImpl.build(MetadataBuilderImpl.java:85)
	at principal.HibernateUtil.buildSessionFactory(HibernateUtil.java:25)
	at principal.HibernateUtil.<clinit>(HibernateUtil.java:16)
	at principal.HibernateMain.main(HibernateMain.java:29)
[2021-04-21 20:48:53] [ WARN ] [pooling:72] HHH10001002: Using Hibernate built-in connection pool (not for production use!)
[2021-04-21 20:52:22] [ WARN ] [deprecation:1792] HHH90000022: Hibernate's legacy org.hibernate.Criteria API is deprecated; use the JPA javax.persistence.criteria.CriteriaQuery instead
[2021-04-21 20:59:14] [ ERROR] [HibernateUtil:30] HibernateUtil.buildSessionFactory(): Initial SessionFactory creation failed.
org.hibernate.boot.MappingNotFoundException: Mapping (RESOURCE) not found : FilesMapping/Empleado.hbm.xml : origin(FilesMapping/Empleado.hbm.xml)
	at org.hibernate.boot.spi.XmlMappingBinderAccess.bind(XmlMappingBinderAccess.java:56)
	at org.hibernate.boot.MetadataSources.addResource(MetadataSources.java:311)
	at org.hibernate.boot.cfgxml.spi.MappingReference.apply(MappingReference.java:70)
	at org.hibernate.boot.internal.MetadataBuilderImpl.build(MetadataBuilderImpl.java:474)
	at org.hibernate.boot.internal.MetadataBuilderImpl.build(MetadataBuilderImpl.java:85)
	at principal.HibernateUtil.buildSessionFactory(HibernateUtil.java:25)
	at principal.HibernateUtil.<clinit>(HibernateUtil.java:16)
	at principal.HibernateMain.main(HibernateMain.java:29)
[2021-04-21 21:00:06] [ ERROR] [HibernateUtil:30] HibernateUtil.buildSessionFactory(): Initial SessionFactory creation failed.
org.hibernate.boot.MappingNotFoundException: Mapping (RESOURCE) not found : FilesMapping/Empleado.hbm.xml : origin(FilesMapping/Empleado.hbm.xml)
	at org.hibernate.boot.spi.XmlMappingBinderAccess.bind(XmlMappingBinderAccess.java:56)
	at org.hibernate.boot.MetadataSources.addResource(MetadataSources.java:311)
	at org.hibernate.boot.cfgxml.spi.MappingReference.apply(MappingReference.java:70)
	at org.hibernate.boot.internal.MetadataBuilderImpl.build(MetadataBuilderImpl.java:474)
	at org.hibernate.boot.internal.MetadataBuilderImpl.build(MetadataBuilderImpl.java:85)
	at principal.HibernateUtil.buildSessionFactory(HibernateUtil.java:25)
	at principal.HibernateUtil.<clinit>(HibernateUtil.java:16)
	at principal.HibernateMain.main(HibernateMain.java:29)
[2021-04-21 21:00:27] [ WARN ] [pooling:72] HHH10001002: Using Hibernate built-in connection pool (not for production use!)
[2021-04-21 21:01:46] [ WARN ] [pooling:72] HHH10001002: Using Hibernate built-in connection pool (not for production use!)
